<?xml version="1.0" encoding="UTF-8"?>
<testng-results ignored="0" total="4" passed="4" failed="0" skipped="0">
  <reporter-output>
  </reporter-output>
  <suite started-at="2024-09-25T20:26:19 IST" name="Default suite" finished-at="2024-09-25T20:26:22 IST" duration-ms="3517">
    <groups>
      <group name="cucumber">
        <method signature="AbstractTestNGCucumberTests.runScenario(io.cucumber.testng.PickleWrapper,io.cucumber.testng.FeatureWrapper)[pri:0, instance:Runner_C.Runner_C1@17f9d882]" name="runScenario" class="io.cucumber.testng.AbstractTestNGCucumberTests"/>
      </group> <!-- cucumber -->
    </groups>
    <test started-at="2024-09-25T20:26:19 IST" name="Default test" finished-at="2024-09-25T20:26:22 IST" duration-ms="3517">
      <class name="Runner_C.Runner_C1">
        <test-method is-config="true" signature="setUpClass(org.testng.ITestContext)[pri:0, instance:Runner_C.Runner_C1@17f9d882]" started-at="2024-09-25T20:26:19 IST" name="setUpClass" finished-at="2024-09-25T20:26:19 IST" duration-ms="551" status="PASS">
          <params>
            <param index="0">
              <value>
                <![CDATA[org.testng.TestRunner@6750e381]]>
              </value>
            </param>
          </params>
          <reporter-output>
          </reporter-output>
        </test-method> <!-- setUpClass -->
        <test-method signature="runScenario(io.cucumber.testng.PickleWrapper,io.cucumber.testng.FeatureWrapper)[pri:0, instance:Runner_C.Runner_C1@17f9d882]" started-at="2024-09-25T20:26:19 IST" name="runScenario" description="Runs Cucumber Scenarios" data-provider="scenarios" finished-at="2024-09-25T20:26:21 IST" duration-ms="1858" status="PASS">
          <params>
            <param index="0">
              <value>
                <![CDATA["Verify the get request"]]>
              </value>
            </param>
            <param index="1">
              <value>
                <![CDATA["API Testing"]]>
              </value>
            </param>
          </params>
          <reporter-output>
          </reporter-output>
        </test-method> <!-- runScenario -->
        <test-method signature="runScenario(io.cucumber.testng.PickleWrapper,io.cucumber.testng.FeatureWrapper)[pri:0, instance:Runner_C.Runner_C1@17f9d882]" started-at="2024-09-25T20:26:21 IST" name="runScenario" description="Runs Cucumber Scenarios" data-provider="scenarios" finished-at="2024-09-25T20:26:21 IST" duration-ms="368" status="PASS">
          <params>
            <param index="0">
              <value>
                <![CDATA["Verify the post request"]]>
              </value>
            </param>
            <param index="1">
              <value>
                <![CDATA["API Testing Post"]]>
              </value>
            </param>
          </params>
          <reporter-output>
          </reporter-output>
        </test-method> <!-- runScenario -->
        <test-method signature="runScenario(io.cucumber.testng.PickleWrapper,io.cucumber.testng.FeatureWrapper)[pri:0, instance:Runner_C.Runner_C1@17f9d882]" started-at="2024-09-25T20:26:21 IST" name="runScenario" description="Runs Cucumber Scenarios" data-provider="scenarios" finished-at="2024-09-25T20:26:22 IST" duration-ms="351" status="PASS">
          <params>
            <param index="0">
              <value>
                <![CDATA["Verify the request for delete"]]>
              </value>
            </param>
            <param index="1">
              <value>
                <![CDATA["API Testing delete"]]>
              </value>
            </param>
          </params>
          <reporter-output>
          </reporter-output>
        </test-method> <!-- runScenario -->
        <test-method signature="runScenario(io.cucumber.testng.PickleWrapper,io.cucumber.testng.FeatureWrapper)[pri:0, instance:Runner_C.Runner_C1@17f9d882]" started-at="2024-09-25T20:26:22 IST" name="runScenario" description="Runs Cucumber Scenarios" data-provider="scenarios" finished-at="2024-09-25T20:26:22 IST" duration-ms="330" status="PASS">
          <params>
            <param index="0">
              <value>
                <![CDATA["Verify the request for put"]]>
              </value>
            </param>
            <param index="1">
              <value>
                <![CDATA["API Testing Put"]]>
              </value>
            </param>
          </params>
          <reporter-output>
          </reporter-output>
        </test-method> <!-- runScenario -->
        <test-method is-config="true" signature="tearDownClass()[pri:0, instance:Runner_C.Runner_C1@17f9d882]" started-at="2024-09-25T20:26:22 IST" name="tearDownClass" finished-at="2024-09-25T20:26:22 IST" duration-ms="24" status="PASS">
          <reporter-output>
          </reporter-output>
        </test-method> <!-- tearDownClass -->
      </class> <!-- Runner_C.Runner_C1 -->
    </test> <!-- Default test -->
  </suite> <!-- Default suite -->
</testng-results>
